2024-04-24T01:18:39 [ INFO ] :: success processing https://www.worlddata.info/america/bermuda/index.php
2024-04-24T01:18:39 [ INFO ] :: success processing https://www.worlddata.info/america/canada/index.php
2024-04-24T01:18:40 [ INFO ] :: success processing https://www.worlddata.info/america/greenland/index.php
2024-04-24T01:18:40 [ INFO ] :: success processing https://www.worlddata.info/america/mexico/index.php
2024-04-24T01:18:40 [ INFO ] :: success processing https://www.worlddata.info/america/stpierre-miquelon/index.php
2024-04-24T01:18:41 [ INFO ] :: success processing https://www.worlddata.info/america/usa/index.php
2024-04-24T01:18:41 [ INFO ] :: success processing https://www.worlddata.info/america/belize/index.php
2024-04-24T01:18:41 [ INFO ] :: success processing https://www.worlddata.info/america/costa-rica/index.php
2024-04-24T01:18:41 [ INFO ] :: success processing https://www.worlddata.info/america/el-salvador/index.php
2024-04-24T01:18:41 [ INFO ] :: success processing https://www.worlddata.info/america/guatemala/index.php
2024-04-24T01:18:42 [ INFO ] :: success processing https://www.worlddata.info/america/honduras/index.php
2024-04-24T01:18:42 [ INFO ] :: success processing https://www.worlddata.info/america/nicaragua/index.php
2024-04-24T01:18:42 [ INFO ] :: success processing https://www.worlddata.info/america/panama/index.php
2024-04-24T01:18:43 [ INFO ] :: success processing https://www.worlddata.info/america/argentina/index.php
2024-04-24T01:18:43 [ INFO ] :: success processing https://www.worlddata.info/america/bolivia/index.php
2024-04-24T01:18:43 [ INFO ] :: success processing https://www.worlddata.info/america/bouvet-island/index.php
2024-04-24T01:18:43 [ INFO ] :: success processing https://www.worlddata.info/america/brazil/index.php
2024-04-24T01:18:43 [ INFO ] :: success processing https://www.worlddata.info/america/chile/index.php
2024-04-24T01:18:43 [ INFO ] :: success processing https://www.worlddata.info/america/colombia/index.php
2024-04-24T01:18:44 [ INFO ] :: success processing https://www.worlddata.info/america/ecuador/index.php
2024-04-24T01:18:44 [ INFO ] :: success processing https://www.worlddata.info/america/falkland-islands/index.php
2024-04-24T01:18:44 [ INFO ] :: success processing https://www.worlddata.info/america/french-guiana/index.php
2024-04-24T01:18:44 [ INFO ] :: success processing https://www.worlddata.info/america/guyana/index.php
2024-04-24T01:18:44 [ INFO ] :: success processing https://www.worlddata.info/america/paraguay/index.php
2024-04-24T01:18:44 [ INFO ] :: success processing https://www.worlddata.info/america/peru/index.php
2024-04-24T01:18:45 [ INFO ] :: success processing https://www.worlddata.info/america/southgeorgia-sandwichislands/index.php
2024-04-24T01:18:45 [ INFO ] :: success processing https://www.worlddata.info/america/suriname/index.php
2024-04-24T01:18:45 [ INFO ] :: success processing https://www.worlddata.info/america/uruguay/index.php
2024-04-24T01:18:45 [ INFO ] :: success processing https://www.worlddata.info/america/venezuela/index.php
2024-04-24T01:18:45 [ INFO ] :: success processing https://www.worlddata.info/america/anguilla/index.php
2024-04-24T01:18:45 [ INFO ] :: success processing https://www.worlddata.info/america/antigua-barbuda/index.php
2024-04-24T01:18:46 [ INFO ] :: success processing https://www.worlddata.info/america/aruba/index.php
2024-04-24T01:18:46 [ INFO ] :: success processing https://www.worlddata.info/america/bahamas/index.php
2024-04-24T01:18:46 [ INFO ] :: success processing https://www.worlddata.info/america/barbados/index.php
2024-04-24T01:18:46 [ INFO ] :: success processing https://www.worlddata.info/america/british-virgin-islands/index.php
2024-04-24T01:18:46 [ INFO ] :: success processing https://www.worlddata.info/america/caribbean-netherlands/index.php
2024-04-24T01:18:47 [ INFO ] :: success processing https://www.worlddata.info/america/cayman-islands/index.php
2024-04-24T01:18:47 [ INFO ] :: success processing https://www.worlddata.info/america/cuba/index.php
2024-04-24T01:18:47 [ INFO ] :: success processing https://www.worlddata.info/america/curacao/index.php
2024-04-24T01:18:47 [ INFO ] :: success processing https://www.worlddata.info/america/dominica/index.php
2024-04-24T01:18:48 [ INFO ] :: success processing https://www.worlddata.info/america/dominican-republic/index.php
2024-04-24T01:18:48 [ INFO ] :: success processing https://www.worlddata.info/america/grenada/index.php
2024-04-24T01:18:48 [ INFO ] :: success processing https://www.worlddata.info/america/guadeloupe/index.php
2024-04-24T01:18:48 [ INFO ] :: success processing https://www.worlddata.info/america/haiti/index.php
2024-04-24T01:18:49 [ INFO ] :: success processing https://www.worlddata.info/america/jamaica/index.php
2024-04-24T01:18:49 [ INFO ] :: success processing https://www.worlddata.info/america/martinique/index.php
2024-04-24T01:18:49 [ INFO ] :: success processing https://www.worlddata.info/america/montserrat/index.php
2024-04-24T01:18:49 [ INFO ] :: success processing https://www.worlddata.info/america/puerto-rico/index.php
2024-04-24T01:18:49 [ INFO ] :: success processing https://www.worlddata.info/america/saint-barthelemy/index.php
2024-04-24T01:18:49 [ INFO ] :: success processing https://www.worlddata.info/america/stkitts-nevis/index.php
2024-04-24T01:18:50 [ INFO ] :: success processing https://www.worlddata.info/america/saint-lucia/index.php
2024-04-24T01:18:50 [ INFO ] :: success processing https://www.worlddata.info/america/saint-martin/index.php
2024-04-24T01:18:50 [ INFO ] :: success processing https://www.worlddata.info/america/stvincent-grenadines/index.php
2024-04-24T01:18:50 [ INFO ] :: success processing https://www.worlddata.info/america/sint-maarten/index.php
2024-04-24T01:18:50 [ INFO ] :: success processing https://www.worlddata.info/america/trinidad-and-tobago/index.php
2024-04-24T01:18:50 [ INFO ] :: success processing https://www.worlddata.info/america/turks-and-caicos-islands/index.php
2024-04-24T01:18:51 [ INFO ] :: success processing https://www.worlddata.info/america/virgin-islands/index.php
2024-04-24T01:18:51 [ INFO ] :: success processing https://www.worlddata.info/europe/austria/index.php
2024-04-24T01:18:51 [ INFO ] :: success processing https://www.worlddata.info/europe/belgium/index.php
2024-04-24T01:18:51 [ INFO ] :: success processing https://www.worlddata.info/europe/france/index.php
2024-04-24T01:18:51 [ INFO ] :: success processing https://www.worlddata.info/europe/germany/index.php
2024-04-24T01:18:52 [ INFO ] :: success processing https://www.worlddata.info/europe/liechtenstein/index.php
2024-04-24T01:18:52 [ INFO ] :: success processing https://www.worlddata.info/europe/luxembourg/index.php
2024-04-24T01:18:52 [ INFO ] :: success processing https://www.worlddata.info/europe/netherlands/index.php
2024-04-24T01:18:52 [ INFO ] :: success processing https://www.worlddata.info/europe/monaco/index.php
2024-04-24T01:18:52 [ INFO ] :: success processing https://www.worlddata.info/europe/switzerland/index.php
2024-04-24T01:18:53 [ INFO ] :: success processing https://www.worlddata.info/europe/belarus/index.php
2024-04-24T01:18:53 [ INFO ] :: success processing https://www.worlddata.info/europe/bulgaria/index.php
2024-04-24T01:18:53 [ INFO ] :: success processing https://www.worlddata.info/europe/czechia/index.php
2024-04-24T01:18:53 [ INFO ] :: success processing https://www.worlddata.info/europe/hungary/index.php
2024-04-24T01:18:53 [ INFO ] :: success processing https://www.worlddata.info/europe/moldova/index.php
2024-04-24T01:18:54 [ INFO ] :: success processing https://www.worlddata.info/europe/poland/index.php
2024-04-24T01:18:54 [ INFO ] :: success processing https://www.worlddata.info/europe/romania/index.php
2024-04-24T01:18:54 [ INFO ] :: success processing https://www.worlddata.info/europe/russia/index.php
2024-04-24T01:18:54 [ INFO ] :: success processing https://www.worlddata.info/europe/slovakia/index.php
2024-04-24T01:18:54 [ INFO ] :: success processing https://www.worlddata.info/europe/ukraine/index.php
2024-04-24T01:18:55 [ INFO ] :: success processing https://www.worlddata.info/europe/aland/index.php
2024-04-24T01:18:55 [ INFO ] :: success processing https://www.worlddata.info/europe/denmark/index.php
2024-04-24T01:18:55 [ INFO ] :: success processing https://www.worlddata.info/europe/estonia/index.php
2024-04-24T01:18:55 [ INFO ] :: success processing https://www.worlddata.info/europe/faroe-islands/index.php
2024-04-24T01:18:55 [ INFO ] :: success processing https://www.worlddata.info/europe/finland/index.php
2024-04-24T01:18:55 [ INFO ] :: success processing https://www.worlddata.info/europe/guernsey/index.php
2024-04-24T01:18:56 [ INFO ] :: success processing https://www.worlddata.info/europe/iceland/index.php
2024-04-24T01:18:56 [ INFO ] :: success processing https://www.worlddata.info/europe/ireland/index.php
2024-04-24T01:18:56 [ INFO ] :: success processing https://www.worlddata.info/europe/isle-of-man/index.php
2024-04-24T01:18:56 [ INFO ] :: success processing https://www.worlddata.info/europe/jersey/index.php
2024-04-24T01:18:56 [ INFO ] :: success processing https://www.worlddata.info/europe/latvia/index.php
2024-04-24T01:18:57 [ INFO ] :: success processing https://www.worlddata.info/europe/lithuania/index.php
2024-04-24T01:18:57 [ INFO ] :: success processing https://www.worlddata.info/europe/norway/index.php
2024-04-24T01:18:57 [ INFO ] :: success processing https://www.worlddata.info/europe/svalbard/index.php
2024-04-24T01:18:57 [ INFO ] :: success processing https://www.worlddata.info/europe/sweden/index.php
2024-04-24T01:18:57 [ INFO ] :: success processing https://www.worlddata.info/europe/united-kingdom/index.php
2024-04-24T01:18:58 [ INFO ] :: success processing https://www.worlddata.info/europe/albania/index.php
2024-04-24T01:18:58 [ INFO ] :: success processing https://www.worlddata.info/europe/andorra/index.php
2024-04-24T01:18:58 [ INFO ] :: success processing https://www.worlddata.info/europe/bosnia-and-herzegovina/index.php
2024-04-24T01:18:58 [ INFO ] :: success processing https://www.worlddata.info/europe/croatia/index.php
2024-04-24T01:18:58 [ INFO ] :: success processing https://www.worlddata.info/europe/gibraltar/index.php
2024-04-24T01:18:58 [ INFO ] :: success processing https://www.worlddata.info/europe/greece/index.php
2024-04-24T01:18:59 [ INFO ] :: success processing https://www.worlddata.info/europe/italy/index.php
2024-04-24T01:18:59 [ INFO ] :: success processing https://www.worlddata.info/europe/kosovo/index.php
2024-04-24T01:18:59 [ INFO ] :: success processing https://www.worlddata.info/europe/malta/index.php
2024-04-24T01:18:59 [ INFO ] :: success processing https://www.worlddata.info/europe/montenegro/index.php
2024-04-24T01:18:59 [ INFO ] :: success processing https://www.worlddata.info/europe/northmacedonia/index.php
2024-04-24T01:19:00 [ INFO ] :: success processing https://www.worlddata.info/europe/portugal/index.php
2024-04-24T01:19:00 [ INFO ] :: success processing https://www.worlddata.info/europe/san-marino/index.php
2024-04-24T01:19:00 [ INFO ] :: success processing https://www.worlddata.info/europe/serbia/index.php
2024-04-24T01:19:00 [ INFO ] :: success processing https://www.worlddata.info/europe/slovenia/index.php
2024-04-24T01:19:00 [ INFO ] :: success processing https://www.worlddata.info/europe/spain/index.php
2024-04-24T01:19:01 [ INFO ] :: success processing https://www.worlddata.info/europe/vatican/index.php
2024-04-24T01:19:01 [ INFO ] :: success processing https://www.worlddata.info/asia/armenia/index.php
2024-04-24T01:19:01 [ INFO ] :: success processing https://www.worlddata.info/asia/azerbaijan/index.php
2024-04-24T01:19:01 [ INFO ] :: success processing https://www.worlddata.info/asia/bahrain/index.php
2024-04-24T01:19:01 [ INFO ] :: success processing https://www.worlddata.info/asia/cyprus/index.php
2024-04-24T01:19:02 [ INFO ] :: success processing https://www.worlddata.info/asia/georgia/index.php
2024-04-24T01:19:02 [ INFO ] :: success processing https://www.worlddata.info/asia/iraq/index.php
2024-04-24T01:19:02 [ INFO ] :: success processing https://www.worlddata.info/asia/israel/index.php
2024-04-24T01:19:02 [ INFO ] :: success processing https://www.worlddata.info/asia/jordan/index.php
2024-04-24T01:19:03 [ INFO ] :: success processing https://www.worlddata.info/asia/kuwait/index.php
2024-04-24T01:19:03 [ INFO ] :: success processing https://www.worlddata.info/asia/lebanon/index.php
2024-04-24T01:19:03 [ INFO ] :: success processing https://www.worlddata.info/asia/oman/index.php
2024-04-24T01:19:03 [ INFO ] :: success processing https://www.worlddata.info/asia/palestine/index.php
2024-04-24T01:19:03 [ INFO ] :: success processing https://www.worlddata.info/asia/qatar/index.php
2024-04-24T01:19:04 [ INFO ] :: success processing https://www.worlddata.info/asia/saudi-arabia/index.php
2024-04-24T01:19:04 [ INFO ] :: success processing https://www.worlddata.info/asia/syria/index.php
2024-04-24T01:19:04 [ INFO ] :: success processing https://www.worlddata.info/asia/turkey/index.php
2024-04-24T01:19:04 [ INFO ] :: success processing https://www.worlddata.info/asia/arab-emirates/index.php
2024-04-24T01:19:04 [ INFO ] :: success processing https://www.worlddata.info/asia/yemen/index.php
2024-04-24T01:19:05 [ INFO ] :: success processing https://www.worlddata.info/asia/kazakhstan/index.php
2024-04-24T01:19:05 [ INFO ] :: success processing https://www.worlddata.info/asia/kyrgyzstan/index.php
2024-04-24T01:19:05 [ INFO ] :: success processing https://www.worlddata.info/asia/tajikistan/index.php
2024-04-24T01:19:05 [ INFO ] :: success processing https://www.worlddata.info/asia/turkmenistan/index.php
2024-04-24T01:19:05 [ INFO ] :: success processing https://www.worlddata.info/asia/uzbekistan/index.php
2024-04-24T01:19:06 [ INFO ] :: success processing https://www.worlddata.info/asia/afghanistan/index.php
2024-04-24T01:19:06 [ INFO ] :: success processing https://www.worlddata.info/asia/bangladesh/index.php
2024-04-24T01:19:06 [ INFO ] :: success processing https://www.worlddata.info/asia/bhutan/index.php
2024-04-24T01:19:06 [ INFO ] :: success processing https://www.worlddata.info/asia/india/index.php
2024-04-24T01:19:06 [ INFO ] :: success processing https://www.worlddata.info/asia/iran/index.php
2024-04-24T01:19:07 [ INFO ] :: success processing https://www.worlddata.info/asia/maldives/index.php
2024-04-24T01:19:07 [ INFO ] :: success processing https://www.worlddata.info/asia/nepal/index.php
2024-04-24T01:19:07 [ INFO ] :: success processing https://www.worlddata.info/asia/pakistan/index.php
2024-04-24T01:19:07 [ INFO ] :: success processing https://www.worlddata.info/asia/sri-lanka/index.php
2024-04-24T01:19:07 [ INFO ] :: success processing https://www.worlddata.info/asia/brunei/index.php
2024-04-24T01:19:08 [ INFO ] :: success processing https://www.worlddata.info/asia/cambodia/index.php
2024-04-24T01:19:08 [ INFO ] :: success processing https://www.worlddata.info/asia/east-timor/index.php
2024-04-24T01:19:08 [ INFO ] :: success processing https://www.worlddata.info/asia/indonesia/index.php
2024-04-24T01:19:08 [ INFO ] :: success processing https://www.worlddata.info/asia/laos/index.php
2024-04-24T01:19:08 [ INFO ] :: success processing https://www.worlddata.info/asia/malaysia/index.php
2024-04-24T01:19:09 [ INFO ] :: success processing https://www.worlddata.info/asia/burma/index.php
2024-04-24T01:19:09 [ INFO ] :: success processing https://www.worlddata.info/asia/philippines/index.php
2024-04-24T01:19:09 [ INFO ] :: success processing https://www.worlddata.info/asia/singapore/index.php
2024-04-24T01:19:09 [ INFO ] :: success processing https://www.worlddata.info/asia/thailand/index.php
2024-04-24T01:19:09 [ INFO ] :: success processing https://www.worlddata.info/asia/vietnam/index.php
2024-04-24T01:19:10 [ INFO ] :: success processing https://www.worlddata.info/asia/china/index.php
2024-04-24T01:19:10 [ INFO ] :: success processing https://www.worlddata.info/asia/hong-kong/index.php
2024-04-24T01:19:10 [ INFO ] :: success processing https://www.worlddata.info/asia/japan/index.php
2024-04-24T01:19:10 [ INFO ] :: success processing https://www.worlddata.info/asia/macao/index.php
2024-04-24T01:19:10 [ INFO ] :: success processing https://www.worlddata.info/asia/mongolia/index.php
2024-04-24T01:19:11 [ INFO ] :: success processing https://www.worlddata.info/asia/north-korea/index.php
2024-04-24T01:19:11 [ INFO ] :: success processing https://www.worlddata.info/asia/south-korea/index.php
2024-04-24T01:19:11 [ INFO ] :: success processing https://www.worlddata.info/asia/taiwan/index.php
2024-04-24T01:19:11 [ INFO ] :: success processing https://www.worlddata.info/africa/algeria/index.php
2024-04-24T01:19:12 [ INFO ] :: success processing https://www.worlddata.info/africa/egypt/index.php
2024-04-24T01:19:12 [ INFO ] :: success processing https://www.worlddata.info/africa/libya/index.php
2024-04-24T01:19:12 [ INFO ] :: success processing https://www.worlddata.info/africa/morocco/index.php
2024-04-24T01:19:12 [ INFO ] :: success processing https://www.worlddata.info/africa/south-sudan/index.php
2024-04-24T01:19:13 [ INFO ] :: success processing https://www.worlddata.info/africa/sudan/index.php
2024-04-24T01:19:13 [ INFO ] :: success processing https://www.worlddata.info/africa/tunisia/index.php
2024-04-24T01:19:13 [ INFO ] :: success processing https://www.worlddata.info/africa/western-sahara/index.php
2024-04-24T01:19:13 [ INFO ] :: success processing https://www.worlddata.info/africa/botswana/index.php
2024-04-24T01:19:13 [ INFO ] :: success processing https://www.worlddata.info/africa/eswatini/index.php
2024-04-24T01:19:14 [ INFO ] :: success processing https://www.worlddata.info/africa/lesotho/index.php
2024-04-24T01:19:14 [ INFO ] :: success processing https://www.worlddata.info/africa/namibia/index.php
2024-04-24T01:19:14 [ INFO ] :: success processing https://www.worlddata.info/africa/south-africa/index.php
2024-04-24T01:19:14 [ INFO ] :: success processing https://www.worlddata.info/africa/benin/index.php
2024-04-24T01:19:14 [ INFO ] :: success processing https://www.worlddata.info/africa/burkina-faso/index.php
2024-04-24T01:19:15 [ INFO ] :: success processing https://www.worlddata.info/africa/cape-verde/index.php
2024-04-24T01:19:15 [ INFO ] :: success processing https://www.worlddata.info/africa/gambia/index.php
2024-04-24T01:19:15 [ INFO ] :: success processing https://www.worlddata.info/africa/ghana/index.php
2024-04-24T01:19:15 [ INFO ] :: success processing https://www.worlddata.info/africa/guinea/index.php
2024-04-24T01:19:16 [ INFO ] :: success processing https://www.worlddata.info/africa/guinea-bissau/index.php
2024-04-24T01:19:16 [ INFO ] :: success processing https://www.worlddata.info/africa/ivory-coast/index.php
2024-04-24T01:19:16 [ INFO ] :: success processing https://www.worlddata.info/africa/liberia/index.php
2024-04-24T01:19:16 [ INFO ] :: success processing https://www.worlddata.info/africa/mali/index.php
2024-04-24T01:19:16 [ INFO ] :: success processing https://www.worlddata.info/africa/mauritania/index.php
2024-04-24T01:19:17 [ INFO ] :: success processing https://www.worlddata.info/africa/niger/index.php
2024-04-24T01:19:17 [ INFO ] :: success processing https://www.worlddata.info/africa/nigeria/index.php
2024-04-24T01:19:17 [ INFO ] :: success processing https://www.worlddata.info/africa/saint-helena/index.php
2024-04-24T01:19:17 [ INFO ] :: success processing https://www.worlddata.info/africa/senegal/index.php
2024-04-24T01:19:18 [ INFO ] :: success processing https://www.worlddata.info/africa/sierra-leone/index.php
2024-04-24T01:19:18 [ INFO ] :: success processing https://www.worlddata.info/africa/togo/index.php
2024-04-24T01:19:18 [ INFO ] :: success processing https://www.worlddata.info/africa/british-indian-ocean-territory/index.php
2024-04-24T01:19:18 [ INFO ] :: success processing https://www.worlddata.info/africa/burundi/index.php
2024-04-24T01:19:18 [ INFO ] :: success processing https://www.worlddata.info/africa/comoros/index.php
2024-04-24T01:19:19 [ INFO ] :: success processing https://www.worlddata.info/africa/djibouti/index.php
2024-04-24T01:19:19 [ INFO ] :: success processing https://www.worlddata.info/africa/eritrea/index.php
2024-04-24T01:19:19 [ INFO ] :: success processing https://www.worlddata.info/africa/ethiopia/index.php
2024-04-24T01:19:19 [ INFO ] :: success processing https://www.worlddata.info/africa/kenya/index.php
2024-04-24T01:19:19 [ INFO ] :: success processing https://www.worlddata.info/africa/madagascar/index.php
2024-04-24T01:19:20 [ INFO ] :: success processing https://www.worlddata.info/africa/malawi/index.php
2024-04-24T01:19:20 [ INFO ] :: success processing https://www.worlddata.info/africa/mauritius/index.php
2024-04-24T01:19:20 [ INFO ] :: success processing https://www.worlddata.info/africa/mayotte/index.php
2024-04-24T01:19:20 [ INFO ] :: success processing https://www.worlddata.info/africa/mozambique/index.php
2024-04-24T01:19:20 [ INFO ] :: success processing https://www.worlddata.info/africa/reunion/index.php
2024-04-24T01:19:21 [ INFO ] :: success processing https://www.worlddata.info/africa/rwanda/index.php
2024-04-24T01:19:21 [ INFO ] :: success processing https://www.worlddata.info/africa/seychelles/index.php
2024-04-24T01:19:21 [ INFO ] :: success processing https://www.worlddata.info/africa/somalia/index.php
2024-04-24T01:19:21 [ INFO ] :: success processing https://www.worlddata.info/africa/tanzania/index.php
2024-04-24T01:19:21 [ INFO ] :: success processing https://www.worlddata.info/africa/uganda/index.php
2024-04-24T01:19:22 [ INFO ] :: success processing https://www.worlddata.info/africa/zambia/index.php
2024-04-24T01:19:22 [ INFO ] :: success processing https://www.worlddata.info/africa/zimbabwe/index.php
2024-04-24T01:19:22 [ INFO ] :: success processing https://www.worlddata.info/africa/angola/index.php
2024-04-24T01:19:22 [ INFO ] :: success processing https://www.worlddata.info/africa/cameroon/index.php
2024-04-24T01:19:23 [ INFO ] :: success processing https://www.worlddata.info/africa/central-african-republic/index.php
2024-04-24T01:19:23 [ INFO ] :: success processing https://www.worlddata.info/africa/chad/index.php
2024-04-24T01:19:23 [ INFO ] :: success processing https://www.worlddata.info/africa/congo-kinshasa/index.php
2024-04-24T01:19:23 [ INFO ] :: success processing https://www.worlddata.info/africa/equatorial-guinea/index.php
2024-04-24T01:19:23 [ INFO ] :: success processing https://www.worlddata.info/africa/gabon/index.php
2024-04-24T01:19:24 [ INFO ] :: success processing https://www.worlddata.info/africa/congo-brazzaville/index.php
2024-04-24T01:19:24 [ INFO ] :: success processing https://www.worlddata.info/africa/sao-tome-and-principe/index.php
2024-04-24T01:19:24 [ INFO ] :: success processing https://www.worlddata.info/oceania/australia/index.php
2024-04-24T01:19:24 [ INFO ] :: success processing https://www.worlddata.info/oceania/christmas-island/index.php
2024-04-24T01:19:25 [ INFO ] :: success processing https://www.worlddata.info/oceania/cocos-islands/index.php
2024-04-24T01:19:25 [ INFO ] :: success processing https://www.worlddata.info/oceania/heard-and-mcdonald-islands/index.php
2024-04-24T01:19:25 [ INFO ] :: success processing https://www.worlddata.info/oceania/new-zealand/index.php
2024-04-24T01:19:25 [ INFO ] :: success processing https://www.worlddata.info/oceania/norfolk-island/index.php
2024-04-24T01:19:25 [ INFO ] :: success processing https://www.worlddata.info/oceania/american-samoa/index.php
2024-04-24T01:19:26 [ INFO ] :: success processing https://www.worlddata.info/oceania/cook-islands/index.php
2024-04-24T01:19:26 [ INFO ] :: success processing https://www.worlddata.info/oceania/french-polynesia/index.php
2024-04-24T01:19:26 [ INFO ] :: success processing https://www.worlddata.info/oceania/niue/index.php
2024-04-24T01:19:26 [ INFO ] :: success processing https://www.worlddata.info/oceania/pitcairn-islands/index.php
2024-04-24T01:19:26 [ INFO ] :: success processing https://www.worlddata.info/oceania/samoa/index.php
2024-04-24T01:19:27 [ INFO ] :: success processing https://www.worlddata.info/oceania/tokelau/index.php
2024-04-24T01:19:27 [ INFO ] :: success processing https://www.worlddata.info/oceania/tonga/index.php
2024-04-24T01:19:27 [ INFO ] :: success processing https://www.worlddata.info/oceania/tuvalu/index.php
2024-04-24T01:19:27 [ INFO ] :: success processing https://www.worlddata.info/oceania/wallis-and-futuna/index.php
2024-04-24T01:19:27 [ INFO ] :: success processing https://www.worlddata.info/oceania/fiji/index.php
2024-04-24T01:19:28 [ INFO ] :: success processing https://www.worlddata.info/oceania/new-caledonia/index.php
2024-04-24T01:19:28 [ INFO ] :: success processing https://www.worlddata.info/oceania/papua-new-guinea/index.php
2024-04-24T01:19:28 [ INFO ] :: success processing https://www.worlddata.info/oceania/solomon-islands/index.php
2024-04-24T01:19:28 [ INFO ] :: success processing https://www.worlddata.info/oceania/vanuatu/index.php
2024-04-24T01:19:28 [ INFO ] :: success processing https://www.worlddata.info/oceania/micronesia/index.php
2024-04-24T01:19:29 [ INFO ] :: success processing https://www.worlddata.info/oceania/guam/index.php
2024-04-24T01:19:29 [ INFO ] :: success processing https://www.worlddata.info/oceania/kiribati/index.php
2024-04-24T01:19:29 [ INFO ] :: success processing https://www.worlddata.info/oceania/marshall-islands/index.php
2024-04-24T01:19:29 [ INFO ] :: success processing https://www.worlddata.info/oceania/nauru/index.php
2024-04-24T01:19:29 [ INFO ] :: success processing https://www.worlddata.info/oceania/northern-marianas/index.php
2024-04-24T01:19:30 [ INFO ] :: success processing https://www.worlddata.info/oceania/palau/index.php
2024-04-24T01:19:30 [ INFO ] :: success processing https://www.worlddata.info/oceania/us-minor-outlying-islands/index.php
